<?xml version='1.0' encoding='UTF-8'?>
<testsuite hostname="vvansant" name="BipBip.AbstractModulesTester" tests="6" errors="0" failures="0" skipped="0" time="11.34" timestamp="2023-12-13T21:20:56">
          <properties>
[...]
</properties>
          <testcase classname="BipBip.AbstractModulesTester" name="BPL should match the C++ BPL1 model" time="8.722">
                      
                    </testcase><testcase classname="BipBip.AbstractModulesTester" name="BPL should match the C++ BPL2 model" time="0.768">
                      
                    </testcase><testcase classname="BipBip.AbstractModulesTester" name="BPL should match the C++ BPL3 model" time="0.438">
                      
                    </testcase><testcase classname="BipBip.AbstractModulesTester" name="BPL should match the C++ BPL4 model" time="0.489">
                      
                    </testcase><testcase classname="BipBip.AbstractModulesTester" name="BPL should match the C++ BPL5 model" time="0.463">
                      
                    </testcase><testcase classname="BipBip.AbstractModulesTester" name="SBL should match the C++ SBL model" time="0.46">
                      
                    </testcase>
          <system-out><![CDATA[]]></system-out>
          <system-err><![CDATA[]]></system-err>
        </testsuite>